<?xml version="1.0" encoding="UTF-8"?>
<testsuite name="org.example.GalleryPluginTest" tests="1" skipped="0" failures="0" errors="0" timestamp="2024-04-11T21:03:43" hostname="allan-Surface-Laptop" time="1.876">
  <properties/>
  <testcase name="pluginRegistersATask()" classname="org.example.GalleryPluginTest" time="1.876"/>
  <system-out><![CDATA[]]></system-out>
  <system-err><![CDATA[]]></system-err>
</testsuite>
